current directory: /Users/jasminsuljic/developing/monri/monri-ruby-examples/gems/puma-6.0.2/ext/puma_http11
/Users/jasminsuljic/.rbenv/versions/2.6.3/bin/ruby -I /Users/jasminsuljic/.rbenv/versions/2.6.3/lib/ruby/2.6.0 -r ./siteconf20230111-63142-3q4bme.rb extconf.rb
checking for BIO_read() in -llibcrypto... no
checking for BIO_read() in -lcrypto... yes
checking for SSL_CTX_new() in -lssl... yes
checking for openssl/bio.h... yes
checking for DTLS_method() in openssl/ssl.h... yes
checking for SSL_CTX_set_session_cache_mode(NULL, 0) in openssl/ssl.h... yes
checking for TLS_server_method() in openssl/ssl.h... yes
checking for SSL_CTX_set_min_proto_version(NULL, 0) in openssl/ssl.h... yes
checking for X509_STORE_up_ref()... yes
checking for SSL_CTX_set_ecdh_auto(NULL, 0) in openssl/ssl.h... yes
checking for SSL_CTX_set_dh_auto(NULL, 0) in openssl/ssl.h... yes
checking for SSL_get1_peer_certificate() in openssl/ssl.h... no
checking for Random.bytes... yes
creating Makefile

current directory: /Users/jasminsuljic/developing/monri/monri-ruby-examples/gems/puma-6.0.2/ext/puma_http11
make "DESTDIR=" clean

current directory: /Users/jasminsuljic/developing/monri/monri-ruby-examples/gems/puma-6.0.2/ext/puma_http11
make "DESTDIR="
compiling http11_parser.c
compiling mini_ssl.c
compiling puma_http11.c
linking shared-object puma/puma_http11.bundle
ld: warning: -undefined dynamic_lookup may not work with chained fixups

current directory: /Users/jasminsuljic/developing/monri/monri-ruby-examples/gems/puma-6.0.2/ext/puma_http11
make "DESTDIR=" install
/usr/bin/install -c -m 0755 puma_http11.bundle ./.gem.20230111-63142-hpfzzz/puma
